<?xml version="1.0" encoding="UTF-8"?>
<testsuite name="PositionTest" tests="3" skipped="0" failures="0" errors="0" timestamp="2022-12-06T16:16:22" hostname="LAPTOP-2QLLROPJ" time="0.021">
  <properties/>
  <testcase name="equals()" classname="PositionTest" time="0.019"/>
  <testcase name="same()" classname="PositionTest" time="0.001"/>
  <testcase name="differs()" classname="PositionTest" time="0.001"/>
  <system-out><![CDATA[]]></system-out>
  <system-err><![CDATA[]]></system-err>
</testsuite>
