<?xml version="1.0" encoding="UTF-8"?>
<testsuite name="PositionTest" tests="3" skipped="0" failures="0" errors="0" timestamp="2022-11-23T10:23:55" hostname="archvivobook" time="0.039">
  <properties/>
  <testcase name="equals()" classname="PositionTest" time="0.031"/>
  <testcase name="same()" classname="PositionTest" time="0.002"/>
  <testcase name="differs()" classname="PositionTest" time="0.002"/>
  <system-out><![CDATA[]]></system-out>
  <system-err><![CDATA[]]></system-err>
</testsuite>
