<?xml version="1.0" encoding="UTF-8"?>
<testsuite name="PositionTest" tests="7" skipped="0" failures="0" errors="0" timestamp="2022-12-13T20:20:35" hostname="Desktop" time="0.005">
  <properties/>
  <testcase name="equals()" classname="PositionTest" time="0.0"/>
  <testcase name="same()" classname="PositionTest" time="0.0"/>
  <testcase name="setXTest()" classname="PositionTest" time="0.001"/>
  <testcase name="setYTest()" classname="PositionTest" time="0.001"/>
  <testcase name="differs()" classname="PositionTest" time="0.0"/>
  <testcase name="getXTest()" classname="PositionTest" time="0.0"/>
  <testcase name="getYTest()" classname="PositionTest" time="0.001"/>
  <system-out><![CDATA[]]></system-out>
  <system-err><![CDATA[]]></system-err>
</testsuite>
