<?xml version="1.0" encoding="UTF-8"?>
<testsuite name="org.l11gr05.model.elements.GhostTest" tests="17" skipped="0" failures="0" errors="0" timestamp="2022-12-23T20:59:49" hostname="Air-de-Davide.Home" time="0.118">
  <properties/>
  <testcase name="BlinkyStrategyTest()" classname="org.l11gr05.model.elements.GhostTest" time="0.001"/>
  <testcase name="equalsNullTest()" classname="org.l11gr05.model.elements.GhostTest" time="0.001"/>
  <testcase name="powerPelletHunterState()" classname="org.l11gr05.model.elements.GhostTest" time="0.001"/>
  <testcase name="InkyStrategyTest()" classname="org.l11gr05.model.elements.GhostTest" time="0.0"/>
  <testcase name="ClydeStrategyTest()" classname="org.l11gr05.model.elements.GhostTest" time="0.0"/>
  <testcase name="pacManCollisionChasedState()" classname="org.l11gr05.model.elements.GhostTest" time="0.002"/>
  <testcase name="equalsDifferentClassTest()" classname="org.l11gr05.model.elements.GhostTest" time="0.003"/>
  <testcase name="pacManCollisionHunterState()" classname="org.l11gr05.model.elements.GhostTest" time="0.001"/>
  <testcase name="PositionTest()" classname="org.l11gr05.model.elements.GhostTest" time="0.004"/>
  <testcase name="PinkyStrategyTest()" classname="org.l11gr05.model.elements.GhostTest" time="0.002"/>
  <testcase name="powerPelletEatenState()" classname="org.l11gr05.model.elements.GhostTest" time="0.0"/>
  <testcase name="setStrategyTest()" classname="org.l11gr05.model.elements.GhostTest" time="0.0"/>
  <testcase name="pacManCollisionEatenState()" classname="org.l11gr05.model.elements.GhostTest" time="0.003"/>
  <testcase name="powerPelletChasedState()" classname="org.l11gr05.model.elements.GhostTest" time="0.001"/>
  <testcase name="powerPelletHouseState()" classname="org.l11gr05.model.elements.GhostTest" time="0.0"/>
  <testcase name="pacManCollisionHouseState()" classname="org.l11gr05.model.elements.GhostTest" time="0.001"/>
  <testcase name="chasedStateTest()" classname="org.l11gr05.model.elements.GhostTest" time="0.087"/>
  <system-out><![CDATA[]]></system-out>
  <system-err><![CDATA[]]></system-err>
</testsuite>
