<?xml version="1.0" encoding="UTF-8"?>
<testsuite name="org.l11gr05.model.elements.ghost.ghostStrategies.PinkyStrategyTest" tests="2" skipped="0" failures="0" errors="0" timestamp="2022-12-23T20:59:50" hostname="Air-de-Davide.Home" time="0.007">
  <properties/>
  <testcase name="nextScatorMoveTest()" classname="org.l11gr05.model.elements.ghost.ghostStrategies.PinkyStrategyTest" time="0.003"/>
  <testcase name="nextTargetMoveTest()" classname="org.l11gr05.model.elements.ghost.ghostStrategies.PinkyStrategyTest" time="0.003"/>
  <system-out><![CDATA[]]></system-out>
  <system-err><![CDATA[]]></system-err>
</testsuite>
