<?xml version="1.0" encoding="UTF-8"?>
<testsuite name="org.l11gr05.model.elements.ghost.ghostStrategies.BlinkyStrategyTest" tests="2" skipped="0" failures="0" errors="0" timestamp="2022-12-23T20:59:49" hostname="Air-de-Davide.Home" time="0.003">
  <properties/>
  <testcase name="nextScatorMoveTest()" classname="org.l11gr05.model.elements.ghost.ghostStrategies.BlinkyStrategyTest" time="0.002"/>
  <testcase name="nextTargetMoveTest()" classname="org.l11gr05.model.elements.ghost.ghostStrategies.BlinkyStrategyTest" time="0.001"/>
  <system-out><![CDATA[]]></system-out>
  <system-err><![CDATA[]]></system-err>
</testsuite>
