<?xml version="1.0" encoding="UTF-8"?>
<testsuite name="org.l11gr05.MenuTest" tests="9" skipped="0" failures="0" errors="0" timestamp="2022-12-23T20:59:45" hostname="Air-de-Davide.Home" time="0.023">
  <properties/>
  <testcase name="previousNextEntryExists()" classname="org.l11gr05.MenuTest" time="0.001"/>
  <testcase name="startSelectedTest()" classname="org.l11gr05.MenuTest" time="0.001"/>
  <testcase name="isSelectedFalse()" classname="org.l11gr05.MenuTest" time="0.001"/>
  <testcase name="getEntryTest()" classname="org.l11gr05.MenuTest" time="0.008"/>
  <testcase name="previousEntryNotExists()" classname="org.l11gr05.MenuTest" time="0.0"/>
  <testcase name="getEntriesLenTest()" classname="org.l11gr05.MenuTest" time="0.001"/>
  <testcase name="getEntriesTest()" classname="org.l11gr05.MenuTest" time="0.002"/>
  <testcase name="isSelectedTrue()" classname="org.l11gr05.MenuTest" time="0.0"/>
  <testcase name="exitSelectedTest()" classname="org.l11gr05.MenuTest" time="0.0"/>
  <system-out><![CDATA[]]></system-out>
  <system-err><![CDATA[]]></system-err>
</testsuite>
